\BOOKMARK [0][-]{todo.0}{Todo List}{}% 1
\BOOKMARK [0][-]{chapter.1}{Introduction}{}% 2
\BOOKMARK [1][-]{section.1.1}{Existing Products}{chapter.1}% 3
\BOOKMARK [1][-]{section.1.2}{Problem Exploration}{chapter.1}% 4
\BOOKMARK [1][-]{section.1.3}{Development Method}{chapter.1}% 5
\BOOKMARK [0][-]{chapter.2}{Sprint 1}{}% 6
\BOOKMARK [1][-]{section.2.1}{Tasks}{chapter.2}% 7
\BOOKMARK [1][-]{section.2.2}{RunOff Application}{chapter.2}% 8
\BOOKMARK [1][-]{section.2.3}{Route Designer Web Page}{chapter.2}% 9
\BOOKMARK [1][-]{section.2.4}{Rating System}{chapter.2}% 10
\BOOKMARK [1][-]{section.2.5}{Review}{chapter.2}% 11
\BOOKMARK [0][-]{chapter.3}{Sprint 2}{}% 12
\BOOKMARK [1][-]{section.3.1}{Tasks}{chapter.3}% 13
\BOOKMARK [1][-]{section.3.2}{RunOff Application}{chapter.3}% 14
\BOOKMARK [1][-]{section.3.3}{Route Designer Web Page}{chapter.3}% 15
\BOOKMARK [1][-]{section.3.4}{Matchmaker}{chapter.3}% 16
\BOOKMARK [1][-]{section.3.5}{Review}{chapter.3}% 17
\BOOKMARK [0][-]{chapter.4}{Sprint 3}{}% 18
\BOOKMARK [1][-]{section.4.1}{RunOff Application}{chapter.4}% 19
\BOOKMARK [1][-]{section.4.2}{Communications Protocol}{chapter.4}% 20
\BOOKMARK [1][-]{section.4.3}{In-match Server Features}{chapter.4}% 21
\BOOKMARK [0][-]{chapter.5}{Sprint 4}{}% 22
\BOOKMARK [1][-]{section.5.1}{RunOff Application}{chapter.5}% 23
\BOOKMARK [1][-]{section.5.2}{Tracking Run Progress on the Server}{chapter.5}% 24
\BOOKMARK [1][-]{section.5.3}{Socket Server}{chapter.5}% 25
\BOOKMARK [1][-]{section.5.4}{Future work}{chapter.5}% 26
\BOOKMARK [0][-]{bib.0}{Bibliography}{}% 27
\BOOKMARK [0][-]{section*.132}{Bibliography}{}% 28
